0 info it worked if it ends with ok
1 verbose cli [ '/Users/cantgetnosleep/nvm/versions/node/v6.5.0/bin/node',
1 verbose cli   '/Users/cantgetnosleep/nvm/versions/node/v6.5.0/bin/npm',
1 verbose cli   'run',
1 verbose cli   'buildAndSign' ]
2 info using npm@3.10.6
3 info using node@v6.5.0
4 verbose run-script [ 'prebuildAndSign', 'buildAndSign', 'postbuildAndSign' ]
5 info lifecycle dmg-maker@1.0.0~prebuildAndSign: dmg-maker@1.0.0
6 silly lifecycle dmg-maker@1.0.0~prebuildAndSign: no script for prebuildAndSign, continuing
7 info lifecycle dmg-maker@1.0.0~buildAndSign: dmg-maker@1.0.0
8 verbose lifecycle dmg-maker@1.0.0~buildAndSign: unsafe-perm in lifecycle true
9 verbose lifecycle dmg-maker@1.0.0~buildAndSign: PATH: /Users/cantgetnosleep/nvm/versions/node/v6.5.0/lib/node_modules/npm/bin/node-gyp-bin:/Users/cantgetnosleep/development/toptal/Velocitool/dmg-maker/node_modules/.bin:/Users/cantgetnosleep/.rvm/gems/ruby-2.2.0/bin:/Users/cantgetnosleep/.rvm/gems/ruby-2.2.0@global/bin:/Users/cantgetnosleep/.rvm/rubies/ruby-2.2.0/bin:/opt/local/bin:/opt/local/sbin:/Users/cantgetnosleep/.sdkman/candidates/groovy/current/bin:/Users/cantgetnosleep/.sdkman/candidates/gradle/current/bin:/Users/cantgetnosleep/.gvm/vertx/current/bin:/Users/cantgetnosleep/.gvm/springboot/current/bin:/Users/cantgetnosleep/.gvm/lazybones/current/bin:/Users/cantgetnosleep/.gvm/jbake/current/bin:/Users/cantgetnosleep/.gvm/groovyserv/current/bin:/Users/cantgetnosleep/.gvm/groovy/current/bin:/Users/cantgetnosleep/.gvm/griffon/current/bin:/Users/cantgetnosleep/.gvm/grails/current/bin:/Users/cantgetnosleep/.gvm/gradle/current/bin:/Users/cantgetnosleep/.gvm/glide/current/bin:/Users/cantgetnosleep/.gvm/gaiden/current/bin:/Users/cantgetnosleep/.gvm/crash/current/bin:/Users/cantgetnosleep/nvm/versions/node/v6.5.0/bin:/Users/cantgetnosleep/bin:/Users/cantgetnosleep/development/mongodb/bin:/usr/local/apache-maven-3.0.5/bin:/usr/local/bin:/usr/bin:/bin:/usr/sbin:/sbin:/opt/X11/bin:/usr/local/git/bin:/Users/cantgetnosleep/development/apache-ant-1.9.7/bin:/Users/cantgetnosleep/development/drush/drush:/Applications/MAMP/Library/bin:/Users/cantgetnosleep/.rvm/bin
10 verbose lifecycle dmg-maker@1.0.0~buildAndSign: CWD: /Users/cantgetnosleep/development/toptal/Velocitool/dmg-maker
11 silly lifecycle dmg-maker@1.0.0~buildAndSign: Args: [ '-c',
11 silly lifecycle   'npm run buildDmg && npm run codesign && npm run verifyCodesign' ]
12 silly lifecycle dmg-maker@1.0.0~buildAndSign: Returned: code: 1  signal: null
13 info lifecycle dmg-maker@1.0.0~buildAndSign: Failed to exec buildAndSign script
14 verbose stack Error: dmg-maker@1.0.0 buildAndSign: `npm run buildDmg && npm run codesign && npm run verifyCodesign`
14 verbose stack Exit status 1
14 verbose stack     at EventEmitter.<anonymous> (/Users/cantgetnosleep/nvm/versions/node/v6.5.0/lib/node_modules/npm/lib/utils/lifecycle.js:255:16)
14 verbose stack     at emitTwo (events.js:106:13)
14 verbose stack     at EventEmitter.emit (events.js:191:7)
14 verbose stack     at ChildProcess.<anonymous> (/Users/cantgetnosleep/nvm/versions/node/v6.5.0/lib/node_modules/npm/lib/utils/spawn.js:40:14)
14 verbose stack     at emitTwo (events.js:106:13)
14 verbose stack     at ChildProcess.emit (events.js:191:7)
14 verbose stack     at maybeClose (internal/child_process.js:877:16)
14 verbose stack     at Process.ChildProcess._handle.onexit (internal/child_process.js:226:5)
15 verbose pkgid dmg-maker@1.0.0
16 verbose cwd /Users/cantgetnosleep/development/toptal/Velocitool/dmg-maker
17 error Darwin 15.6.0
18 error argv "/Users/cantgetnosleep/nvm/versions/node/v6.5.0/bin/node" "/Users/cantgetnosleep/nvm/versions/node/v6.5.0/bin/npm" "run" "buildAndSign"
19 error node v6.5.0
20 error npm  v3.10.6
21 error code ELIFECYCLE
22 error dmg-maker@1.0.0 buildAndSign: `npm run buildDmg && npm run codesign && npm run verifyCodesign`
22 error Exit status 1
23 error Failed at the dmg-maker@1.0.0 buildAndSign script 'npm run buildDmg && npm run codesign && npm run verifyCodesign'.
23 error Make sure you have the latest version of node.js and npm installed.
23 error If you do, this is most likely a problem with the dmg-maker package,
23 error not with npm itself.
23 error Tell the author that this fails on your system:
23 error     npm run buildDmg && npm run codesign && npm run verifyCodesign
23 error You can get information on how to open an issue for this project with:
23 error     npm bugs dmg-maker
23 error Or if that isn't available, you can get their info via:
23 error     npm owner ls dmg-maker
23 error There is likely additional logging output above.
24 verbose exit [ 1, true ]
